<?xml version="1.0" encoding="UTF-8"?>
<!-- Generated by org.testng.reporters.JUnitXMLReporter -->
<testsuite ignored="0" hostname="DESKTOP-VFA3M3H" failures="0" tests="5" name="Surefire test" time="0.251" errors="0" timestamp="2024-03-27T19:04:39 IST">
  <testcase classname="RSA_Training.Tests.BaseTest" name="@BeforeMethod launchApplication" time="0.007">
    <failure type="java.lang.NullPointerException" message="Cannot invoke &amp;quot;String.equalsIgnoreCase(String)&amp;quot; because &amp;quot;browserName&amp;quot; is null">
      <![CDATA[java.lang.NullPointerException: Cannot invoke "String.equalsIgnoreCase(String)" because "browserName" is null
at RSA_Training.Tests.BaseTest.intializeDriver(BaseTest.java:39)
at RSA_Training.Tests.BaseTest.launchApplication(BaseTest.java:76)
at java.base/java.util.ArrayList.forEach(ArrayList.java:1511)
... Removed 34 stack frames]]>
    </failure>
  </testcase> <!-- @BeforeMethod launchApplication -->
  <testcase classname="RSA_Training.Tests.BaseTest" name="@AfterMethod Teardown" time="0.0">
    <skipped/>
  </testcase> <!-- @AfterMethod Teardown -->
  <testcase classname="RSA_Training.Tests.BaseTest" name="@BeforeMethod launchApplication" time="0.0">
    <failure type="java.lang.NullPointerException" message="Cannot invoke &amp;quot;String.equalsIgnoreCase(String)&amp;quot; because &amp;quot;browserName&amp;quot; is null">
      <![CDATA[java.lang.NullPointerException: Cannot invoke "String.equalsIgnoreCase(String)" because "browserName" is null
at RSA_Training.Tests.BaseTest.intializeDriver(BaseTest.java:39)
at RSA_Training.Tests.BaseTest.launchApplication(BaseTest.java:76)
at java.base/java.util.ArrayList.forEach(ArrayList.java:1511)
... Removed 34 stack frames]]>
    </failure>
  </testcase> <!-- @BeforeMethod launchApplication -->
  <testcase classname="RSA_Training.Tests.BaseTest" name="@AfterMethod Teardown" time="0.0">
    <skipped/>
  </testcase> <!-- @AfterMethod Teardown -->
  <testcase classname="RSA_Training.Tests.BaseTest" name="@BeforeMethod launchApplication" time="0.001">
    <failure type="java.lang.NullPointerException" message="Cannot invoke &amp;quot;String.equalsIgnoreCase(String)&amp;quot; because &amp;quot;browserName&amp;quot; is null">
      <![CDATA[java.lang.NullPointerException: Cannot invoke "String.equalsIgnoreCase(String)" because "browserName" is null
at RSA_Training.Tests.BaseTest.intializeDriver(BaseTest.java:39)
at RSA_Training.Tests.BaseTest.launchApplication(BaseTest.java:76)
at java.base/java.util.ArrayList.forEach(ArrayList.java:1511)
... Removed 34 stack frames]]>
    </failure>
  </testcase> <!-- @BeforeMethod launchApplication -->
  <testcase classname="RSA_Training.Tests.BaseTest" name="@AfterMethod Teardown" time="0.0">
    <skipped/>
  </testcase> <!-- @AfterMethod Teardown -->
  <testcase classname="RSA_Training.Tests.BaseTest" name="@BeforeMethod launchApplication" time="0.001">
    <failure type="java.lang.NullPointerException" message="Cannot invoke &amp;quot;String.equalsIgnoreCase(String)&amp;quot; because &amp;quot;browserName&amp;quot; is null">
      <![CDATA[java.lang.NullPointerException: Cannot invoke "String.equalsIgnoreCase(String)" because "browserName" is null
at RSA_Training.Tests.BaseTest.intializeDriver(BaseTest.java:39)
at RSA_Training.Tests.BaseTest.launchApplication(BaseTest.java:76)
at java.base/java.util.ArrayList.forEach(ArrayList.java:1511)
... Removed 34 stack frames]]>
    </failure>
  </testcase> <!-- @BeforeMethod launchApplication -->
  <testcase classname="RSA_Training.Tests.BaseTest" name="@AfterMethod Teardown" time="0.0">
    <skipped/>
  </testcase> <!-- @AfterMethod Teardown -->
  <testcase classname="RSA_Training.Tests.ErrorValidationTest" name="ErrorValidation" time="0.0">
    <skipped/>
  </testcase> <!-- ErrorValidation -->
  <testcase classname="RSA_Training.Tests.ErrorValidationTest" name="ProductErrorValidation" time="0.0">
    <skipped/>
  </testcase> <!-- ProductErrorValidation -->
  <testcase classname="RSA_Training.Tests.SubmitOrderTest" name="SubmitOrder" time="0.0">
    <skipped/>
  </testcase> <!-- SubmitOrder -->
  <testcase classname="RSA_Training.Tests.SubmitOrderTest" name="SubmitOrder" time="0.0">
    <skipped/>
  </testcase> <!-- SubmitOrder -->
  <testcase classname="RSA_Training.Tests.SubmitOrderTest" name="VerifyProduct" time="0.0">
    <skipped/>
  </testcase> <!-- VerifyProduct -->
</testsuite> <!-- Surefire test -->
