<?xml version="1.0" encoding="UTF-8"?>
<!-- Generated by org.testng.reporters.JUnitXMLReporter -->
<testsuite ignored="0" hostname="DESKTOP-VFA3M3H" failures="0" tests="2" name="ErrorValidationTest" time="15.655" errors="0" timestamp="2024-04-26T12:13:58 IST">
  <testcase classname="RSA_Training.Tests.ErrorValidationTest" name="ErrorValidation" time="3.228"/>
  <testcase classname="RSA_Training.Tests.ErrorValidationTest" name="ProductErrorValidation" time="5.301"/>
</testsuite> <!-- ErrorValidationTest -->
