<?xml version="1.0" encoding="UTF-8"?>
<!-- Generated by org.testng.reporters.JUnitXMLReporter -->
<testsuite ignored="0" hostname="DESKTOP-VFA3M3H" failures="1" tests="3" name="PractiseTest" time="8.148" errors="0" timestamp="2024-04-04T12:08:32 IST">
  <testcase classname="RSA_Training.Tests.Login1" name="Demo" time="1.678">
    <failure type="java.lang.AssertionError" message="expected [Login Successfully] but found [Incorrect email or password.]">
      <![CDATA[java.lang.AssertionError: expected [Login Successfully] but found [Incorrect email or password.]
at RSA_Training.Tests.Login1.Demo(Login1.java:27)
at java.base/java.util.ArrayList.forEach(ArrayList.java:1511)
... Removed 31 stack frames]]>
    </failure>
  </testcase> <!-- Demo -->
  <testcase classname="RSA_Training.Tests.Login1" name="Demo" time="2.366"/>
  <testcase classname="RSA_Training.Tests.Login1" name="Demo2" time="0.0">
    <skipped/>
  </testcase> <!-- Demo2 -->
</testsuite> <!-- PractiseTest -->
