<?xml version="1.0" encoding="UTF-8"?>
<!-- Generated by org.testng.reporters.JUnitXMLReporter -->
<testsuite ignored="1" hostname="DESKTOP-VFA3M3H" failures="0" tests="2" name="SubmitOrderTest" time="17.625" errors="0" timestamp="2024-04-25T06:42:18 IST">
  <testcase classname="RSA_Training.Tests.SubmitOrderTest" name="SubmitOrder" time="4.398"/>
  <testcase classname="RSA_Training.Tests.SubmitOrderTest" name="SubmitOrder" time="4.018"/>
  <testcase classname="RSA_Training.Tests.SubmitOrderTest" name="VerifyProduct" time="0.0">
    <ignored/>
  </testcase> <!-- VerifyProduct -->
</testsuite> <!-- SubmitOrderTest -->
