<?xml version="1.0" encoding="UTF-8"?>
<testng-results ignored="0" total="4" passed="4" failed="0" skipped="0">
  <reporter-output>
  </reporter-output>
  <suite started-at="2024-04-25T06:42:00 IST" name="Suite" finished-at="2024-04-25T06:42:28 IST" duration-ms="28074">
    <groups>
      <group name="Purchase">
        <method signature="SubmitOrderTest.SubmitOrder(java.util.HashMap)[pri:0, instance:RSA_Training.Tests.SubmitOrderTest@4f6ee6e4]" name="SubmitOrder" class="RSA_Training.Tests.SubmitOrderTest"/>
      </group> <!-- Purchase -->
    </groups>
    <test started-at="2024-04-25T06:42:00 IST" name="SubmitOrderTest" finished-at="2024-04-25T06:42:18 IST" duration-ms="17625">
      <class name="RSA_Training.Tests.SubmitOrderTest">
        <test-method is-config="true" signature="launchApplication()[pri:0, instance:RSA_Training.Tests.SubmitOrderTest@4f6ee6e4]" started-at="2024-04-25T06:42:00 IST" name="launchApplication" finished-at="2024-04-25T06:42:05 IST" duration-ms="4744" status="PASS">
          <reporter-output>
          </reporter-output>
        </test-method> <!-- launchApplication -->
        <test-method signature="SubmitOrder(java.util.HashMap)[pri:0, instance:RSA_Training.Tests.SubmitOrderTest@4f6ee6e4]" started-at="2024-04-25T06:42:05 IST" name="SubmitOrder" data-provider="getData" finished-at="2024-04-25T06:42:10 IST" duration-ms="4398" status="PASS">
          <params>
            <param index="0">
              <value>
                <![CDATA[{password=Omkarpawar@1, product=ZARA COAT 3, email=omkarpawar@gmail.com}]]>
              </value>
            </param>
          </params>
          <reporter-output>
          </reporter-output>
        </test-method> <!-- SubmitOrder -->
        <test-method is-config="true" signature="launchApplication()[pri:0, instance:RSA_Training.Tests.SubmitOrderTest@4f6ee6e4]" started-at="2024-04-25T06:42:10 IST" name="launchApplication" finished-at="2024-04-25T06:42:14 IST" duration-ms="4004" status="PASS">
          <reporter-output>
          </reporter-output>
        </test-method> <!-- launchApplication -->
        <test-method signature="SubmitOrder(java.util.HashMap)[pri:0, instance:RSA_Training.Tests.SubmitOrderTest@4f6ee6e4]" started-at="2024-04-25T06:42:14 IST" name="SubmitOrder" data-provider="getData" finished-at="2024-04-25T06:42:18 IST" duration-ms="4018" status="PASS">
          <params>
            <param index="0">
              <value>
                <![CDATA[{password=Supriyapawar@1, product=ADIDAS ORIGINAL, email=Supriyapawar@gmail.com}]]>
              </value>
            </param>
          </params>
          <reporter-output>
          </reporter-output>
        </test-method> <!-- SubmitOrder -->
      </class> <!-- RSA_Training.Tests.SubmitOrderTest -->
    </test> <!-- SubmitOrderTest -->
    <test started-at="2024-04-25T06:42:18 IST" name="ErrorValidationTest" finished-at="2024-04-25T06:42:28 IST" duration-ms="10419">
      <class name="RSA_Training.Tests.ErrorValidationTest">
        <test-method is-config="true" signature="launchApplication()[pri:0, instance:RSA_Training.Tests.ErrorValidationTest@459e9125]" started-at="2024-04-25T06:42:18 IST" name="launchApplication" finished-at="2024-04-25T06:42:21 IST" duration-ms="3437" status="PASS">
          <reporter-output>
          </reporter-output>
        </test-method> <!-- launchApplication -->
        <test-method signature="ErrorValidation()[pri:0, instance:RSA_Training.Tests.ErrorValidationTest@459e9125]" started-at="2024-04-25T06:42:21 IST" name="ErrorValidation" finished-at="2024-04-25T06:42:22 IST" duration-ms="835" status="PASS">
          <reporter-output>
          </reporter-output>
        </test-method> <!-- ErrorValidation -->
        <test-method is-config="true" signature="Teardown()[pri:0, instance:RSA_Training.Tests.ErrorValidationTest@459e9125]" started-at="2024-04-25T06:42:22 IST" name="Teardown" finished-at="2024-04-25T06:42:22 IST" duration-ms="0" status="PASS">
          <reporter-output>
          </reporter-output>
        </test-method> <!-- Teardown -->
        <test-method is-config="true" signature="launchApplication()[pri:0, instance:RSA_Training.Tests.ErrorValidationTest@459e9125]" started-at="2024-04-25T06:42:22 IST" name="launchApplication" finished-at="2024-04-25T06:42:25 IST" duration-ms="3193" status="PASS">
          <reporter-output>
          </reporter-output>
        </test-method> <!-- launchApplication -->
        <test-method signature="ProductErrorValidation()[pri:0, instance:RSA_Training.Tests.ErrorValidationTest@459e9125]" started-at="2024-04-25T06:42:25 IST" name="ProductErrorValidation" finished-at="2024-04-25T06:42:28 IST" duration-ms="2948" status="PASS">
          <reporter-output>
          </reporter-output>
        </test-method> <!-- ProductErrorValidation -->
        <test-method is-config="true" signature="Teardown()[pri:0, instance:RSA_Training.Tests.ErrorValidationTest@459e9125]" started-at="2024-04-25T06:42:28 IST" name="Teardown" finished-at="2024-04-25T06:42:28 IST" duration-ms="2" status="PASS">
          <reporter-output>
          </reporter-output>
        </test-method> <!-- Teardown -->
      </class> <!-- RSA_Training.Tests.ErrorValidationTest -->
    </test> <!-- ErrorValidationTest -->
  </suite> <!-- Suite -->
</testng-results>
