<?xml version="1.0" encoding="UTF-8"?>
<testng-results ignored="1" total="5" passed="4" failed="0" skipped="0">
  <reporter-output>
  </reporter-output>
  <suite started-at="2024-04-26T12:13:14 IST" name="Suite" finished-at="2024-04-26T12:13:58 IST" duration-ms="44344">
    <groups>
      <group name="Purchase">
        <method signature="SubmitOrderTest.SubmitOrder(java.util.HashMap)[pri:0, instance:RSA_Training.Tests.SubmitOrderTest@595b007d]" name="SubmitOrder" class="RSA_Training.Tests.SubmitOrderTest"/>
      </group> <!-- Purchase -->
    </groups>
    <test started-at="2024-04-26T12:13:14 IST" name="SubmitOrderTest" finished-at="2024-04-26T12:13:42 IST" duration-ms="28331">
      <class name="RSA_Training.Tests.SubmitOrderTest">
        <test-method is-config="true" signature="launchApplication()[pri:0, instance:RSA_Training.Tests.SubmitOrderTest@595b007d]" started-at="2024-04-26T12:13:15 IST" name="launchApplication" finished-at="2024-04-26T12:13:28 IST" duration-ms="13315" status="PASS">
          <reporter-output>
          </reporter-output>
        </test-method> <!-- launchApplication -->
        <test-method signature="SubmitOrder(java.util.HashMap)[pri:0, instance:RSA_Training.Tests.SubmitOrderTest@595b007d]" started-at="2024-04-26T12:13:28 IST" name="SubmitOrder" data-provider="getData" finished-at="2024-04-26T12:13:32 IST" duration-ms="4572" status="PASS">
          <params>
            <param index="0">
              <value>
                <![CDATA[{password=Omkarpawar@1, product=ZARA COAT 3, email=omkarpawar@gmail.com}]]>
              </value>
            </param>
          </params>
          <reporter-output>
          </reporter-output>
        </test-method> <!-- SubmitOrder -->
        <test-method is-config="true" signature="launchApplication()[pri:0, instance:RSA_Training.Tests.SubmitOrderTest@595b007d]" started-at="2024-04-26T12:13:32 IST" name="launchApplication" finished-at="2024-04-26T12:13:37 IST" duration-ms="5026" status="PASS">
          <reporter-output>
          </reporter-output>
        </test-method> <!-- launchApplication -->
        <test-method signature="SubmitOrder(java.util.HashMap)[pri:0, instance:RSA_Training.Tests.SubmitOrderTest@595b007d]" started-at="2024-04-26T12:13:37 IST" name="SubmitOrder" data-provider="getData" finished-at="2024-04-26T12:13:42 IST" duration-ms="4769" status="PASS">
          <params>
            <param index="0">
              <value>
                <![CDATA[{password=Supriyapawar@1, product=ADIDAS ORIGINAL, email=Supriyapawar@gmail.com}]]>
              </value>
            </param>
          </params>
          <reporter-output>
          </reporter-output>
        </test-method> <!-- SubmitOrder -->
      </class> <!-- RSA_Training.Tests.SubmitOrderTest -->
    </test> <!-- SubmitOrderTest -->
    <test started-at="2024-04-26T12:13:43 IST" name="ErrorValidationTest" finished-at="2024-04-26T12:13:58 IST" duration-ms="15655">
      <class name="RSA_Training.Tests.ErrorValidationTest">
        <test-method is-config="true" signature="launchApplication()[pri:0, instance:RSA_Training.Tests.ErrorValidationTest@443118b0]" started-at="2024-04-26T12:13:43 IST" name="launchApplication" finished-at="2024-04-26T12:13:46 IST" duration-ms="3181" status="PASS">
          <reporter-output>
          </reporter-output>
        </test-method> <!-- launchApplication -->
        <test-method signature="ErrorValidation()[pri:0, instance:RSA_Training.Tests.ErrorValidationTest@443118b0]" started-at="2024-04-26T12:13:46 IST" name="ErrorValidation" finished-at="2024-04-26T12:13:49 IST" duration-ms="3228" status="PASS">
          <reporter-output>
          </reporter-output>
        </test-method> <!-- ErrorValidation -->
        <test-method is-config="true" signature="Teardown()[pri:0, instance:RSA_Training.Tests.ErrorValidationTest@443118b0]" started-at="2024-04-26T12:13:49 IST" name="Teardown" finished-at="2024-04-26T12:13:49 IST" duration-ms="2" status="PASS">
          <reporter-output>
          </reporter-output>
        </test-method> <!-- Teardown -->
        <test-method is-config="true" signature="launchApplication()[pri:0, instance:RSA_Training.Tests.ErrorValidationTest@443118b0]" started-at="2024-04-26T12:13:49 IST" name="launchApplication" finished-at="2024-04-26T12:13:53 IST" duration-ms="3927" status="PASS">
          <reporter-output>
          </reporter-output>
        </test-method> <!-- launchApplication -->
        <test-method signature="ProductErrorValidation()[pri:0, instance:RSA_Training.Tests.ErrorValidationTest@443118b0]" started-at="2024-04-26T12:13:53 IST" name="ProductErrorValidation" finished-at="2024-04-26T12:13:58 IST" duration-ms="5301" status="PASS">
          <reporter-output>
          </reporter-output>
        </test-method> <!-- ProductErrorValidation -->
        <test-method is-config="true" signature="Teardown()[pri:0, instance:RSA_Training.Tests.ErrorValidationTest@443118b0]" started-at="2024-04-26T12:13:58 IST" name="Teardown" finished-at="2024-04-26T12:13:58 IST" duration-ms="0" status="PASS">
          <reporter-output>
          </reporter-output>
        </test-method> <!-- Teardown -->
      </class> <!-- RSA_Training.Tests.ErrorValidationTest -->
    </test> <!-- ErrorValidationTest -->
  </suite> <!-- Suite -->
</testng-results>
